<?xml version="1.0" encoding="UTF-8"?>
<testsuite xmlns:xsi="http://www.w3.org/2001/XMLSchema-instance" xsi:noNamespaceSchemaLocation="https://maven.apache.org/surefire/maven-surefire-plugin/xsd/surefire-test-report.xsd" name="cn.itcast.UserApplicationTests" time="16.504" tests="1" errors="0" skipped="0" failures="0">
  <properties>
    <property name="sun.desktop" value="windows"/>
    <property name="awt.toolkit" value="sun.awt.windows.WToolkit"/>
    <property name="file.encoding.pkg" value="sun.io"/>
    <property name="java.specification.version" value="1.8"/>
    <property name="sun.cpu.isalist" value="amd64"/>
    <property name="sun.jnu.encoding" value="GBK"/>
    <property name="java.class.path" value="C:\user\mave\web7\target\test-classes;C:\user\mave\web7\target\classes;C:\user\apache-maven-3.6.1\repository\org\springframework\boot\spring-boot-starter-web\2.1.7.RELEASE\spring-boot-starter-web-2.1.7.RELEASE.jar;C:\user\apache-maven-3.6.1\repository\org\springframework\boot\spring-boot-starter\2.1.7.RELEASE\spring-boot-starter-2.1.7.RELEASE.jar;C:\user\apache-maven-3.6.1\repository\javax\annotation\javax.annotation-api\1.3.2\javax.annotation-api-1.3.2.jar;C:\user\apache-maven-3.6.1\repository\org\yaml\snakeyaml\1.23\snakeyaml-1.23.jar;C:\user\apache-maven-3.6.1\repository\org\springframework\boot\spring-boot-starter-json\2.1.7.RELEASE\spring-boot-starter-json-2.1.7.RELEASE.jar;C:\user\apache-maven-3.6.1\repository\com\fasterxml\jackson\core\jackson-databind\2.9.9\jackson-databind-2.9.9.jar;C:\user\apache-maven-3.6.1\repository\com\fasterxml\jackson\core\jackson-annotations\2.9.0\jackson-annotations-2.9.0.jar;C:\user\apache-maven-3.6.1\repository\com\fasterxml\jackson\core\jackson-core\2.9.9\jackson-core-2.9.9.jar;C:\user\apache-maven-3.6.1\repository\com\fasterxml\jackson\datatype\jackson-datatype-jdk8\2.9.9\jackson-datatype-jdk8-2.9.9.jar;C:\user\apache-maven-3.6.1\repository\com\fasterxml\jackson\datatype\jackson-datatype-jsr310\2.9.9\jackson-datatype-jsr310-2.9.9.jar;C:\user\apache-maven-3.6.1\repository\com\fasterxml\jackson\module\jackson-module-parameter-names\2.9.9\jackson-module-parameter-names-2.9.9.jar;C:\user\apache-maven-3.6.1\repository\org\springframework\boot\spring-boot-starter-tomcat\2.1.7.RELEASE\spring-boot-starter-tomcat-2.1.7.RELEASE.jar;C:\user\apache-maven-3.6.1\repository\org\apache\tomcat\embed\tomcat-embed-core\9.0.22\tomcat-embed-core-9.0.22.jar;C:\user\apache-maven-3.6.1\repository\org\apache\tomcat\embed\tomcat-embed-el\9.0.22\tomcat-embed-el-9.0.22.jar;C:\user\apache-maven-3.6.1\repository\org\apache\tomcat\embed\tomcat-embed-websocket\9.0.22\tomcat-embed-websocket-9.0.22.jar;C:\user\apache-maven-3.6.1\repository\org\hibernate\validator\hibernate-validator\6.0.17.Final\hibernate-validator-6.0.17.Final.jar;C:\user\apache-maven-3.6.1\repository\javax\validation\validation-api\2.0.1.Final\validation-api-2.0.1.Final.jar;C:\user\apache-maven-3.6.1\repository\org\jboss\logging\jboss-logging\3.3.2.Final\jboss-logging-3.3.2.Final.jar;C:\user\apache-maven-3.6.1\repository\com\fasterxml\classmate\1.4.0\classmate-1.4.0.jar;C:\user\apache-maven-3.6.1\repository\org\springframework\spring-web\5.1.9.RELEASE\spring-web-5.1.9.RELEASE.jar;C:\user\apache-maven-3.6.1\repository\org\springframework\spring-beans\5.1.9.RELEASE\spring-beans-5.1.9.RELEASE.jar;C:\user\apache-maven-3.6.1\repository\org\springframework\spring-webmvc\5.1.9.RELEASE\spring-webmvc-5.1.9.RELEASE.jar;C:\user\apache-maven-3.6.1\repository\org\springframework\spring-aop\5.1.9.RELEASE\spring-aop-5.1.9.RELEASE.jar;C:\user\apache-maven-3.6.1\repository\org\springframework\spring-context\5.1.9.RELEASE\spring-context-5.1.9.RELEASE.jar;C:\user\apache-maven-3.6.1\repository\org\springframework\spring-expression\5.1.9.RELEASE\spring-expression-5.1.9.RELEASE.jar;C:\user\apache-maven-3.6.1\repository\org\springframework\boot\spring-boot-starter-thymeleaf\2.1.7.RELEASE\spring-boot-starter-thymeleaf-2.1.7.RELEASE.jar;C:\user\apache-maven-3.6.1\repository\org\thymeleaf\thymeleaf-spring5\3.0.11.RELEASE\thymeleaf-spring5-3.0.11.RELEASE.jar;C:\user\apache-maven-3.6.1\repository\org\thymeleaf\thymeleaf\3.0.11.RELEASE\thymeleaf-3.0.11.RELEASE.jar;C:\user\apache-maven-3.6.1\repository\org\attoparser\attoparser\2.0.5.RELEASE\attoparser-2.0.5.RELEASE.jar;C:\user\apache-maven-3.6.1\repository\org\unbescape\unbescape\1.1.6.RELEASE\unbescape-1.1.6.RELEASE.jar;C:\user\apache-maven-3.6.1\repository\org\thymeleaf\extras\thymeleaf-extras-java8time\3.0.4.RELEASE\thymeleaf-extras-java8time-3.0.4.RELEASE.jar;C:\user\apache-maven-3.6.1\repository\org\springframework\boot\spring-boot-starter-log4j2\2.1.7.RELEASE\spring-boot-starter-log4j2-2.1.7.RELEASE.jar;C:\user\apache-maven-3.6.1\repository\org\apache\logging\log4j\log4j-slf4j-impl\2.11.2\log4j-slf4j-impl-2.11.2.jar;C:\user\apache-maven-3.6.1\repository\org\apache\logging\log4j\log4j-api\2.11.2\log4j-api-2.11.2.jar;C:\user\apache-maven-3.6.1\repository\org\apache\logging\log4j\log4j-core\2.11.2\log4j-core-2.11.2.jar;C:\user\apache-maven-3.6.1\repository\org\apache\logging\log4j\log4j-jul\2.11.2\log4j-jul-2.11.2.jar;C:\user\apache-maven-3.6.1\repository\org\slf4j\jul-to-slf4j\1.7.26\jul-to-slf4j-1.7.26.jar;C:\user\apache-maven-3.6.1\repository\com\alibaba\druid-spring-boot-starter\1.1.10\druid-spring-boot-starter-1.1.10.jar;C:\user\apache-maven-3.6.1\repository\com\alibaba\druid\1.1.10\druid-1.1.10.jar;C:\user\apache-maven-3.6.1\repository\org\slf4j\slf4j-api\1.7.26\slf4j-api-1.7.26.jar;C:\user\apache-maven-3.6.1\repository\org\springframework\boot\spring-boot-autoconfigure\2.1.7.RELEASE\spring-boot-autoconfigure-2.1.7.RELEASE.jar;C:\user\apache-maven-3.6.1\repository\log4j\log4j\1.2.17\log4j-1.2.17.jar;C:\user\apache-maven-3.6.1\repository\org\springframework\boot\spring-boot-starter-mail\2.1.7.RELEASE\spring-boot-starter-mail-2.1.7.RELEASE.jar;C:\user\apache-maven-3.6.1\repository\org\springframework\spring-context-support\5.1.9.RELEASE\spring-context-support-5.1.9.RELEASE.jar;C:\user\apache-maven-3.6.1\repository\com\sun\mail\javax.mail\1.6.2\javax.mail-1.6.2.jar;C:\user\apache-maven-3.6.1\repository\javax\activation\activation\1.1\activation-1.1.jar;C:\user\apache-maven-3.6.1\repository\org\projectlombok\lombok\1.18.8\lombok-1.18.8.jar;C:\user\apache-maven-3.6.1\repository\org\mybatis\spring\boot\mybatis-spring-boot-starter\2.1.0\mybatis-spring-boot-starter-2.1.0.jar;C:\user\apache-maven-3.6.1\repository\org\springframework\boot\spring-boot-starter-jdbc\2.1.7.RELEASE\spring-boot-starter-jdbc-2.1.7.RELEASE.jar;C:\user\apache-maven-3.6.1\repository\com\zaxxer\HikariCP\3.2.0\HikariCP-3.2.0.jar;C:\user\apache-maven-3.6.1\repository\org\springframework\spring-jdbc\5.1.9.RELEASE\spring-jdbc-5.1.9.RELEASE.jar;C:\user\apache-maven-3.6.1\repository\org\springframework\spring-tx\5.1.9.RELEASE\spring-tx-5.1.9.RELEASE.jar;C:\user\apache-maven-3.6.1\repository\org\mybatis\spring\boot\mybatis-spring-boot-autoconfigure\2.1.0\mybatis-spring-boot-autoconfigure-2.1.0.jar;C:\user\apache-maven-3.6.1\repository\org\mybatis\mybatis\3.5.2\mybatis-3.5.2.jar;C:\user\apache-maven-3.6.1\repository\org\mybatis\mybatis-spring\2.0.2\mybatis-spring-2.0.2.jar;C:\user\apache-maven-3.6.1\repository\org\apache\shiro\shiro-spring\1.2.3\shiro-spring-1.2.3.jar;C:\user\apache-maven-3.6.1\repository\org\apache\shiro\shiro-core\1.2.3\shiro-core-1.2.3.jar;C:\user\apache-maven-3.6.1\repository\org\apache\shiro\shiro-web\1.2.3\shiro-web-1.2.3.jar;C:\user\apache-maven-3.6.1\repository\com\alibaba\fastjson\1.2.58\fastjson-1.2.58.jar;C:\user\apache-maven-3.6.1\repository\mysql\mysql-connector-java\8.0.17\mysql-connector-java-8.0.17.jar;C:\user\apache-maven-3.6.1\repository\org\springframework\boot\spring-boot-starter-test\2.1.7.RELEASE\spring-boot-starter-test-2.1.7.RELEASE.jar;C:\user\apache-maven-3.6.1\repository\org\springframework\boot\spring-boot-test\2.1.7.RELEASE\spring-boot-test-2.1.7.RELEASE.jar;C:\user\apache-maven-3.6.1\repository\org\springframework\boot\spring-boot-test-autoconfigure\2.1.7.RELEASE\spring-boot-test-autoconfigure-2.1.7.RELEASE.jar;C:\user\apache-maven-3.6.1\repository\com\jayway\jsonpath\json-path\2.4.0\json-path-2.4.0.jar;C:\user\apache-maven-3.6.1\repository\net\minidev\json-smart\2.3\json-smart-2.3.jar;C:\user\apache-maven-3.6.1\repository\net\minidev\accessors-smart\1.2\accessors-smart-1.2.jar;C:\user\apache-maven-3.6.1\repository\org\ow2\asm\asm\5.0.4\asm-5.0.4.jar;C:\user\apache-maven-3.6.1\repository\junit\junit\4.12\junit-4.12.jar;C:\user\apache-maven-3.6.1\repository\org\assertj\assertj-core\3.11.1\assertj-core-3.11.1.jar;C:\user\apache-maven-3.6.1\repository\org\mockito\mockito-core\2.23.4\mockito-core-2.23.4.jar;C:\user\apache-maven-3.6.1\repository\net\bytebuddy\byte-buddy\1.9.16\byte-buddy-1.9.16.jar;C:\user\apache-maven-3.6.1\repository\net\bytebuddy\byte-buddy-agent\1.9.16\byte-buddy-agent-1.9.16.jar;C:\user\apache-maven-3.6.1\repository\org\objenesis\objenesis\2.6\objenesis-2.6.jar;C:\user\apache-maven-3.6.1\repository\org\hamcrest\hamcrest-core\1.3\hamcrest-core-1.3.jar;C:\user\apache-maven-3.6.1\repository\org\hamcrest\hamcrest-library\1.3\hamcrest-library-1.3.jar;C:\user\apache-maven-3.6.1\repository\org\skyscreamer\jsonassert\1.5.0\jsonassert-1.5.0.jar;C:\user\apache-maven-3.6.1\repository\com\vaadin\external\google\android-json\0.0.20131108.vaadin1\android-json-0.0.20131108.vaadin1.jar;C:\user\apache-maven-3.6.1\repository\org\springframework\spring-core\5.1.9.RELEASE\spring-core-5.1.9.RELEASE.jar;C:\user\apache-maven-3.6.1\repository\org\springframework\spring-jcl\5.1.9.RELEASE\spring-jcl-5.1.9.RELEASE.jar;C:\user\apache-maven-3.6.1\repository\org\springframework\spring-test\5.1.9.RELEASE\spring-test-5.1.9.RELEASE.jar;C:\user\apache-maven-3.6.1\repository\org\xmlunit\xmlunit-core\2.6.3\xmlunit-core-2.6.3.jar;C:\user\apache-maven-3.6.1\repository\org\springframework\boot\spring-boot-configuration-processor\2.1.7.RELEASE\spring-boot-configuration-processor-2.1.7.RELEASE.jar;C:\user\apache-maven-3.6.1\repository\org\springframework\boot\spring-boot-devtools\2.1.7.RELEASE\spring-boot-devtools-2.1.7.RELEASE.jar;C:\user\apache-maven-3.6.1\repository\org\springframework\boot\spring-boot\2.1.7.RELEASE\spring-boot-2.1.7.RELEASE.jar;C:\user\apache-maven-3.6.1\repository\commons-beanutils\commons-beanutils\1.9.3\commons-beanutils-1.9.3.jar;C:\user\apache-maven-3.6.1\repository\commons-logging\commons-logging\1.2\commons-logging-1.2.jar;C:\user\apache-maven-3.6.1\repository\commons-io\commons-io\2.6\commons-io-2.6.jar;C:\user\apache-maven-3.6.1\repository\commons-lang\commons-lang\2.6\commons-lang-2.6.jar;C:\user\apache-maven-3.6.1\repository\commons-codec\commons-codec\1.11\commons-codec-1.11.jar;C:\user\apache-maven-3.6.1\repository\commons-collections\commons-collections\3.2.2\commons-collections-3.2.2.jar;"/>
    <property name="java.vm.vendor" value="Oracle Corporation"/>
    <property name="sun.arch.data.model" value="64"/>
    <property name="user.variant" value=""/>
    <property name="java.vendor.url" value="http://java.oracle.com/"/>
    <property name="user.timezone" value="Asia/Shanghai"/>
    <property name="java.vm.specification.version" value="1.8"/>
    <property name="os.name" value="Windows 10"/>
    <property name="user.country" value="CN"/>
    <property name="sun.java.launcher" value="SUN_STANDARD"/>
    <property name="sun.boot.library.path" value="C:\user\Java_jdk\jdk_8u101\jre\bin"/>
    <property name="sun.java.command" value="C:\Users\user\AppData\Local\Temp\surefire8794881947696143329\surefirebooter7598968837385919049.jar C:\Users\user\AppData\Local\Temp\surefire8794881947696143329 2019-09-04T22-53-17_989-jvmRun1 surefire3600999855294397414tmp surefire_08883067442142781408tmp"/>
    <property name="surefire.test.class.path" value="C:\user\mave\web7\target\test-classes;C:\user\mave\web7\target\classes;C:\user\apache-maven-3.6.1\repository\org\springframework\boot\spring-boot-starter-web\2.1.7.RELEASE\spring-boot-starter-web-2.1.7.RELEASE.jar;C:\user\apache-maven-3.6.1\repository\org\springframework\boot\spring-boot-starter\2.1.7.RELEASE\spring-boot-starter-2.1.7.RELEASE.jar;C:\user\apache-maven-3.6.1\repository\javax\annotation\javax.annotation-api\1.3.2\javax.annotation-api-1.3.2.jar;C:\user\apache-maven-3.6.1\repository\org\yaml\snakeyaml\1.23\snakeyaml-1.23.jar;C:\user\apache-maven-3.6.1\repository\org\springframework\boot\spring-boot-starter-json\2.1.7.RELEASE\spring-boot-starter-json-2.1.7.RELEASE.jar;C:\user\apache-maven-3.6.1\repository\com\fasterxml\jackson\core\jackson-databind\2.9.9\jackson-databind-2.9.9.jar;C:\user\apache-maven-3.6.1\repository\com\fasterxml\jackson\core\jackson-annotations\2.9.0\jackson-annotations-2.9.0.jar;C:\user\apache-maven-3.6.1\repository\com\fasterxml\jackson\core\jackson-core\2.9.9\jackson-core-2.9.9.jar;C:\user\apache-maven-3.6.1\repository\com\fasterxml\jackson\datatype\jackson-datatype-jdk8\2.9.9\jackson-datatype-jdk8-2.9.9.jar;C:\user\apache-maven-3.6.1\repository\com\fasterxml\jackson\datatype\jackson-datatype-jsr310\2.9.9\jackson-datatype-jsr310-2.9.9.jar;C:\user\apache-maven-3.6.1\repository\com\fasterxml\jackson\module\jackson-module-parameter-names\2.9.9\jackson-module-parameter-names-2.9.9.jar;C:\user\apache-maven-3.6.1\repository\org\springframework\boot\spring-boot-starter-tomcat\2.1.7.RELEASE\spring-boot-starter-tomcat-2.1.7.RELEASE.jar;C:\user\apache-maven-3.6.1\repository\org\apache\tomcat\embed\tomcat-embed-core\9.0.22\tomcat-embed-core-9.0.22.jar;C:\user\apache-maven-3.6.1\repository\org\apache\tomcat\embed\tomcat-embed-el\9.0.22\tomcat-embed-el-9.0.22.jar;C:\user\apache-maven-3.6.1\repository\org\apache\tomcat\embed\tomcat-embed-websocket\9.0.22\tomcat-embed-websocket-9.0.22.jar;C:\user\apache-maven-3.6.1\repository\org\hibernate\validator\hibernate-validator\6.0.17.Final\hibernate-validator-6.0.17.Final.jar;C:\user\apache-maven-3.6.1\repository\javax\validation\validation-api\2.0.1.Final\validation-api-2.0.1.Final.jar;C:\user\apache-maven-3.6.1\repository\org\jboss\logging\jboss-logging\3.3.2.Final\jboss-logging-3.3.2.Final.jar;C:\user\apache-maven-3.6.1\repository\com\fasterxml\classmate\1.4.0\classmate-1.4.0.jar;C:\user\apache-maven-3.6.1\repository\org\springframework\spring-web\5.1.9.RELEASE\spring-web-5.1.9.RELEASE.jar;C:\user\apache-maven-3.6.1\repository\org\springframework\spring-beans\5.1.9.RELEASE\spring-beans-5.1.9.RELEASE.jar;C:\user\apache-maven-3.6.1\repository\org\springframework\spring-webmvc\5.1.9.RELEASE\spring-webmvc-5.1.9.RELEASE.jar;C:\user\apache-maven-3.6.1\repository\org\springframework\spring-aop\5.1.9.RELEASE\spring-aop-5.1.9.RELEASE.jar;C:\user\apache-maven-3.6.1\repository\org\springframework\spring-context\5.1.9.RELEASE\spring-context-5.1.9.RELEASE.jar;C:\user\apache-maven-3.6.1\repository\org\springframework\spring-expression\5.1.9.RELEASE\spring-expression-5.1.9.RELEASE.jar;C:\user\apache-maven-3.6.1\repository\org\springframework\boot\spring-boot-starter-thymeleaf\2.1.7.RELEASE\spring-boot-starter-thymeleaf-2.1.7.RELEASE.jar;C:\user\apache-maven-3.6.1\repository\org\thymeleaf\thymeleaf-spring5\3.0.11.RELEASE\thymeleaf-spring5-3.0.11.RELEASE.jar;C:\user\apache-maven-3.6.1\repository\org\thymeleaf\thymeleaf\3.0.11.RELEASE\thymeleaf-3.0.11.RELEASE.jar;C:\user\apache-maven-3.6.1\repository\org\attoparser\attoparser\2.0.5.RELEASE\attoparser-2.0.5.RELEASE.jar;C:\user\apache-maven-3.6.1\repository\org\unbescape\unbescape\1.1.6.RELEASE\unbescape-1.1.6.RELEASE.jar;C:\user\apache-maven-3.6.1\repository\org\thymeleaf\extras\thymeleaf-extras-java8time\3.0.4.RELEASE\thymeleaf-extras-java8time-3.0.4.RELEASE.jar;C:\user\apache-maven-3.6.1\repository\org\springframework\boot\spring-boot-starter-log4j2\2.1.7.RELEASE\spring-boot-starter-log4j2-2.1.7.RELEASE.jar;C:\user\apache-maven-3.6.1\repository\org\apache\logging\log4j\log4j-slf4j-impl\2.11.2\log4j-slf4j-impl-2.11.2.jar;C:\user\apache-maven-3.6.1\repository\org\apache\logging\log4j\log4j-api\2.11.2\log4j-api-2.11.2.jar;C:\user\apache-maven-3.6.1\repository\org\apache\logging\log4j\log4j-core\2.11.2\log4j-core-2.11.2.jar;C:\user\apache-maven-3.6.1\repository\org\apache\logging\log4j\log4j-jul\2.11.2\log4j-jul-2.11.2.jar;C:\user\apache-maven-3.6.1\repository\org\slf4j\jul-to-slf4j\1.7.26\jul-to-slf4j-1.7.26.jar;C:\user\apache-maven-3.6.1\repository\com\alibaba\druid-spring-boot-starter\1.1.10\druid-spring-boot-starter-1.1.10.jar;C:\user\apache-maven-3.6.1\repository\com\alibaba\druid\1.1.10\druid-1.1.10.jar;C:\user\apache-maven-3.6.1\repository\org\slf4j\slf4j-api\1.7.26\slf4j-api-1.7.26.jar;C:\user\apache-maven-3.6.1\repository\org\springframework\boot\spring-boot-autoconfigure\2.1.7.RELEASE\spring-boot-autoconfigure-2.1.7.RELEASE.jar;C:\user\apache-maven-3.6.1\repository\log4j\log4j\1.2.17\log4j-1.2.17.jar;C:\user\apache-maven-3.6.1\repository\org\springframework\boot\spring-boot-starter-mail\2.1.7.RELEASE\spring-boot-starter-mail-2.1.7.RELEASE.jar;C:\user\apache-maven-3.6.1\repository\org\springframework\spring-context-support\5.1.9.RELEASE\spring-context-support-5.1.9.RELEASE.jar;C:\user\apache-maven-3.6.1\repository\com\sun\mail\javax.mail\1.6.2\javax.mail-1.6.2.jar;C:\user\apache-maven-3.6.1\repository\javax\activation\activation\1.1\activation-1.1.jar;C:\user\apache-maven-3.6.1\repository\org\projectlombok\lombok\1.18.8\lombok-1.18.8.jar;C:\user\apache-maven-3.6.1\repository\org\mybatis\spring\boot\mybatis-spring-boot-starter\2.1.0\mybatis-spring-boot-starter-2.1.0.jar;C:\user\apache-maven-3.6.1\repository\org\springframework\boot\spring-boot-starter-jdbc\2.1.7.RELEASE\spring-boot-starter-jdbc-2.1.7.RELEASE.jar;C:\user\apache-maven-3.6.1\repository\com\zaxxer\HikariCP\3.2.0\HikariCP-3.2.0.jar;C:\user\apache-maven-3.6.1\repository\org\springframework\spring-jdbc\5.1.9.RELEASE\spring-jdbc-5.1.9.RELEASE.jar;C:\user\apache-maven-3.6.1\repository\org\springframework\spring-tx\5.1.9.RELEASE\spring-tx-5.1.9.RELEASE.jar;C:\user\apache-maven-3.6.1\repository\org\mybatis\spring\boot\mybatis-spring-boot-autoconfigure\2.1.0\mybatis-spring-boot-autoconfigure-2.1.0.jar;C:\user\apache-maven-3.6.1\repository\org\mybatis\mybatis\3.5.2\mybatis-3.5.2.jar;C:\user\apache-maven-3.6.1\repository\org\mybatis\mybatis-spring\2.0.2\mybatis-spring-2.0.2.jar;C:\user\apache-maven-3.6.1\repository\org\apache\shiro\shiro-spring\1.2.3\shiro-spring-1.2.3.jar;C:\user\apache-maven-3.6.1\repository\org\apache\shiro\shiro-core\1.2.3\shiro-core-1.2.3.jar;C:\user\apache-maven-3.6.1\repository\org\apache\shiro\shiro-web\1.2.3\shiro-web-1.2.3.jar;C:\user\apache-maven-3.6.1\repository\com\alibaba\fastjson\1.2.58\fastjson-1.2.58.jar;C:\user\apache-maven-3.6.1\repository\mysql\mysql-connector-java\8.0.17\mysql-connector-java-8.0.17.jar;C:\user\apache-maven-3.6.1\repository\org\springframework\boot\spring-boot-starter-test\2.1.7.RELEASE\spring-boot-starter-test-2.1.7.RELEASE.jar;C:\user\apache-maven-3.6.1\repository\org\springframework\boot\spring-boot-test\2.1.7.RELEASE\spring-boot-test-2.1.7.RELEASE.jar;C:\user\apache-maven-3.6.1\repository\org\springframework\boot\spring-boot-test-autoconfigure\2.1.7.RELEASE\spring-boot-test-autoconfigure-2.1.7.RELEASE.jar;C:\user\apache-maven-3.6.1\repository\com\jayway\jsonpath\json-path\2.4.0\json-path-2.4.0.jar;C:\user\apache-maven-3.6.1\repository\net\minidev\json-smart\2.3\json-smart-2.3.jar;C:\user\apache-maven-3.6.1\repository\net\minidev\accessors-smart\1.2\accessors-smart-1.2.jar;C:\user\apache-maven-3.6.1\repository\org\ow2\asm\asm\5.0.4\asm-5.0.4.jar;C:\user\apache-maven-3.6.1\repository\junit\junit\4.12\junit-4.12.jar;C:\user\apache-maven-3.6.1\repository\org\assertj\assertj-core\3.11.1\assertj-core-3.11.1.jar;C:\user\apache-maven-3.6.1\repository\org\mockito\mockito-core\2.23.4\mockito-core-2.23.4.jar;C:\user\apache-maven-3.6.1\repository\net\bytebuddy\byte-buddy\1.9.16\byte-buddy-1.9.16.jar;C:\user\apache-maven-3.6.1\repository\net\bytebuddy\byte-buddy-agent\1.9.16\byte-buddy-agent-1.9.16.jar;C:\user\apache-maven-3.6.1\repository\org\objenesis\objenesis\2.6\objenesis-2.6.jar;C:\user\apache-maven-3.6.1\repository\org\hamcrest\hamcrest-core\1.3\hamcrest-core-1.3.jar;C:\user\apache-maven-3.6.1\repository\org\hamcrest\hamcrest-library\1.3\hamcrest-library-1.3.jar;C:\user\apache-maven-3.6.1\repository\org\skyscreamer\jsonassert\1.5.0\jsonassert-1.5.0.jar;C:\user\apache-maven-3.6.1\repository\com\vaadin\external\google\android-json\0.0.20131108.vaadin1\android-json-0.0.20131108.vaadin1.jar;C:\user\apache-maven-3.6.1\repository\org\springframework\spring-core\5.1.9.RELEASE\spring-core-5.1.9.RELEASE.jar;C:\user\apache-maven-3.6.1\repository\org\springframework\spring-jcl\5.1.9.RELEASE\spring-jcl-5.1.9.RELEASE.jar;C:\user\apache-maven-3.6.1\repository\org\springframework\spring-test\5.1.9.RELEASE\spring-test-5.1.9.RELEASE.jar;C:\user\apache-maven-3.6.1\repository\org\xmlunit\xmlunit-core\2.6.3\xmlunit-core-2.6.3.jar;C:\user\apache-maven-3.6.1\repository\org\springframework\boot\spring-boot-configuration-processor\2.1.7.RELEASE\spring-boot-configuration-processor-2.1.7.RELEASE.jar;C:\user\apache-maven-3.6.1\repository\org\springframework\boot\spring-boot-devtools\2.1.7.RELEASE\spring-boot-devtools-2.1.7.RELEASE.jar;C:\user\apache-maven-3.6.1\repository\org\springframework\boot\spring-boot\2.1.7.RELEASE\spring-boot-2.1.7.RELEASE.jar;C:\user\apache-maven-3.6.1\repository\commons-beanutils\commons-beanutils\1.9.3\commons-beanutils-1.9.3.jar;C:\user\apache-maven-3.6.1\repository\commons-logging\commons-logging\1.2\commons-logging-1.2.jar;C:\user\apache-maven-3.6.1\repository\commons-io\commons-io\2.6\commons-io-2.6.jar;C:\user\apache-maven-3.6.1\repository\commons-lang\commons-lang\2.6\commons-lang-2.6.jar;C:\user\apache-maven-3.6.1\repository\commons-codec\commons-codec\1.11\commons-codec-1.11.jar;C:\user\apache-maven-3.6.1\repository\commons-collections\commons-collections\3.2.2\commons-collections-3.2.2.jar;"/>
    <property name="sun.cpu.endian" value="little"/>
    <property name="user.home" value="C:\Users\user"/>
    <property name="user.language" value="zh"/>
    <property name="java.specification.vendor" value="Oracle Corporation"/>
    <property name="java.home" value="C:\user\Java_jdk\jdk_8u101\jre"/>
    <property name="basedir" value="C:\user\mave\web7"/>
    <property name="file.separator" value="\"/>
    <property name="line.separator" value="&#10;"/>
    <property name="java.vm.specification.vendor" value="Oracle Corporation"/>
    <property name="java.specification.name" value="Java Platform API Specification"/>
    <property name="java.awt.graphicsenv" value="sun.awt.Win32GraphicsEnvironment"/>
    <property name="surefire.real.class.path" value="C:\Users\user\AppData\Local\Temp\surefire8794881947696143329\surefirebooter7598968837385919049.jar"/>
    <property name="sun.boot.class.path" value="C:\user\Java_jdk\jdk_8u101\jre\lib\resources.jar;C:\user\Java_jdk\jdk_8u101\jre\lib\rt.jar;C:\user\Java_jdk\jdk_8u101\jre\lib\sunrsasign.jar;C:\user\Java_jdk\jdk_8u101\jre\lib\jsse.jar;C:\user\Java_jdk\jdk_8u101\jre\lib\jce.jar;C:\user\Java_jdk\jdk_8u101\jre\lib\charsets.jar;C:\user\Java_jdk\jdk_8u101\jre\lib\jfr.jar;C:\user\Java_jdk\jdk_8u101\jre\classes"/>
    <property name="user.script" value=""/>
    <property name="sun.management.compiler" value="HotSpot 64-Bit Tiered Compilers"/>
    <property name="java.runtime.version" value="1.8.0_101-b13"/>
    <property name="user.name" value="user"/>
    <property name="path.separator" value=";"/>
    <property name="os.version" value="10.0"/>
    <property name="java.endorsed.dirs" value="C:\user\Java_jdk\jdk_8u101\jre\lib\endorsed"/>
    <property name="java.runtime.name" value="Java(TM) SE Runtime Environment"/>
    <property name="file.encoding" value="GBK"/>
    <property name="java.vm.name" value="Java HotSpot(TM) 64-Bit Server VM"/>
    <property name="localRepository" value="C:\user\apache-maven-3.6.1\repository"/>
    <property name="java.vendor.url.bug" value="http://bugreport.sun.com/bugreport/"/>
    <property name="java.io.tmpdir" value="C:\Users\user\AppData\Local\Temp\"/>
    <property name="idea.version" value="2018.3.2"/>
    <property name="java.version" value="1.8.0_101"/>
    <property name="user.dir" value="C:\user\mave\web7"/>
    <property name="os.arch" value="amd64"/>
    <property name="java.vm.specification.name" value="Java Virtual Machine Specification"/>
    <property name="java.awt.printerjob" value="sun.awt.windows.WPrinterJob"/>
    <property name="sun.os.patch.level" value=""/>
    <property name="java.library.path" value="C:\user\Java_jdk\jdk_8u101\jre\bin;C:\WINDOWS\Sun\Java\bin;C:\WINDOWS\system32;C:\WINDOWS;C:\user\python2.7\Scripts;C:\user\Java_jdk\jdk_8u101\bin;C:\WINDOWS\system32;C:\WINDOWS;C:\WINDOWS\System32\Wbem;C:\WINDOWS\System32\WindowsPowerShell\v1.0\;C:\WINDOWS\System32\OpenSSH\;C:\user\Git\cmd;C:\user\apache-maven-3.6.1\bin;C:\user\myphp_www\PHPTutorial\php\php-7.0.12-nts;C:\user\composer;C:\use\node\node-v10.16.3-win-x64\;C:\Users\user\AppData\Local\Programs\Python\Python37\Scripts\;C:\Users\user\AppData\Local\Programs\Python\Python37\;C:\Users\user\AppData\Local\Microsoft\WindowsApps;;C:\user\WebStorm 2018.3.5\bin;;C:\user\PhpStorm 2019.1.1\bin;;%SHPLAYER%;C:\Users\user\AppData\Roaming\Composer\vendor\bin;C:\use\Microsoft VS Code\bin;."/>
    <property name="java.vm.info" value="mixed mode"/>
    <property name="java.vendor" value="Oracle Corporation"/>
    <property name="java.vm.version" value="25.101-b13"/>
    <property name="java.ext.dirs" value="C:\user\Java_jdk\jdk_8u101\jre\lib\ext;C:\WINDOWS\Sun\Java\lib\ext"/>
    <property name="sun.io.unicode.encoding" value="UnicodeLittle"/>
    <property name="maven.repo.local" value="C:\user\apache-maven-3.6.1\repository"/>
    <property name="java.class.version" value="52.0"/>
  </properties>
  <testcase name="contextLoads" classname="cn.itcast.UserApplicationTests" time="0.707"/>
</testsuite>